2026-05-05 16:39:09 [[32minfo[39m]: 🚀 API server running on port 3001
2026-05-05 16:39:09 [[31merror[39m]: PrismaClientInitializationError: Authentication failed against database server at `localhost`, the provided database credentials for `buna` are not valid.

Please make sure to provide valid database credentials for the database server at `localhost`.
    at t (C:\Users\habti\OneDrive\Desktop\sfproject\BunaBingoBot\backend\node_modules\@prisma\client\runtime\library.js:112:2488)
    at main (C:\Users\habti\OneDrive\Desktop\sfproject\BunaBingoBot\backend\src\index.ts:39:3)
2026-05-05 18:09:34 [[32minfo[39m]: 🚀 API server running on port 3001
2026-05-05 18:09:35 [[31merror[39m]: PrismaClientInitializationError: Authentication failed against database server at `localhost`, the provided database credentials for `buna` are not valid.

Please make sure to provide valid database credentials for the database server at `localhost`.
    at t (C:\Users\habti\OneDrive\Desktop\sfproject\BunaBingoBot\backend\node_modules\@prisma\client\runtime\library.js:112:2488)
    at main (C:\Users\habti\OneDrive\Desktop\sfproject\BunaBingoBot\backend\src\index.ts:39:3)
2026-05-05 18:48:54 [[32minfo[39m]: 🚀 API server running on port 3001
2026-05-05 18:48:55 [[32minfo[39m]: ✅ Database connected
2026-05-05 18:48:56 [[32minfo[39m]: ✅ Game rooms initialized
2026-05-05 18:48:56 [[32minfo[39m]: ✅ Background jobs started (fraud scan every 30min, cleanup every 1h)
2026-05-05 18:48:57 [[32minfo[39m]: 🤖 Bot running via long polling
2026-05-05 18:48:58 [[32minfo[39m]: New user registered: Xyz🦅 (TG: 7005926343)
2026-05-05 18:56:29 [[32minfo[39m]: 🚀 API server running on port 3001
2026-05-05 18:56:30 [[32minfo[39m]: ✅ Database connected
2026-05-05 18:56:31 [[32minfo[39m]: ✅ Game rooms initialized
2026-05-05 18:56:31 [[32minfo[39m]: ✅ Background jobs started (fraud scan every 30min, cleanup every 1h)
2026-05-05 18:56:32 [[32minfo[39m]: 🤖 Bot running via long polling
2026-05-05 19:11:56 [[32minfo[39m]: 🚀 API server running on port 3001
2026-05-05 19:11:57 [[32minfo[39m]: ✅ Database connected
2026-05-05 19:11:58 [[32minfo[39m]: ✅ Game rooms initialized
2026-05-05 19:11:58 [[32minfo[39m]: ✅ Background jobs started (fraud scan every 30min, cleanup every 1h)
2026-05-05 19:11:59 [[32minfo[39m]: 🤖 Bot running via long polling
2026-05-06 00:41:43 [[32minfo[39m]: 🚀 API server running on port 3001
2026-05-06 00:41:47 [[32minfo[39m]: ✅ Database connected
2026-05-06 00:41:49 [[32minfo[39m]: ✅ Game rooms initialized
2026-05-06 00:41:49 [[32minfo[39m]: ✅ Background jobs started (fraud scan every 30min, cleanup every 1h)
2026-05-06 00:41:49 [[32minfo[39m]: 🤖 Bot running via long polling
2026-05-06 00:42:34 [[32minfo[39m]: 🚀 API server running on port 3001
2026-05-06 00:42:35 [[32minfo[39m]: ✅ Database connected
2026-05-06 00:42:36 [[32minfo[39m]: ✅ Game rooms initialized
2026-05-06 00:42:36 [[32minfo[39m]: ✅ Background jobs started (fraud scan every 30min, cleanup every 1h)
2026-05-06 00:42:36 [[32minfo[39m]: 🤖 Bot running via long polling
